[Thu Jul  2 06:58:57 2015] [debug] Reading configuration file "/home/stefan/Dropbox/Projects/time_clock/time_clock.conf"
[Thu Jul  2 06:58:57 2015] [debug] Your secret passphrase needs to be changed
[Thu Jul  2 06:59:05 2015] [debug] Reading configuration file "/home/stefan/Dropbox/Projects/time_clock/time_clock.conf"
[Thu Jul  2 06:59:05 2015] [debug] Your secret passphrase needs to be changed
[Thu Jul  2 06:59:05 2015] [info] Listening at "http://*:3000"
[Thu Jul  2 06:59:12 2015] [debug] GET "/"
[Thu Jul  2 06:59:12 2015] [debug] Routing to a callback
[Thu Jul  2 06:59:12 2015] [debug] Cookie "mojolicious" has a bad signature
[Thu Jul  2 06:59:12 2015] [debug] 302 Found (0.001322s, 756.430/s)
[Thu Jul  2 06:59:12 2015] [debug] GET "/connect"
[Thu Jul  2 06:59:12 2015] [debug] Routing to a callback
[Thu Jul  2 06:59:12 2015] [debug] Cookie "mojolicious" has a bad signature
[Thu Jul  2 06:59:12 2015] [debug] Cookie "mojolicious" has a bad signature
[Thu Jul  2 06:59:12 2015] [debug] Rendering template "connect.html.ep" from DATA section
[Thu Jul  2 06:59:12 2015] [debug] Cookie "mojolicious" has a bad signature
[Thu Jul  2 06:59:12 2015] [debug] Cookie "mojolicious" has a bad signature
[Thu Jul  2 06:59:12 2015] [debug] Cookie "mojolicious" has a bad signature
[Thu Jul  2 06:59:12 2015] [debug] Cookie "mojolicious" has a bad signature
[Thu Jul  2 06:59:12 2015] [debug] Cookie "mojolicious" has a bad signature
[Thu Jul  2 06:59:12 2015] [debug] 200 OK (0.009881s, 101.204/s)
[Thu Jul  2 06:59:12 2015] [debug] GET "/"
[Thu Jul  2 06:59:12 2015] [debug] Routing to a callback
[Thu Jul  2 06:59:12 2015] [debug] Cookie "mojolicious" has a bad signature
[Thu Jul  2 06:59:12 2015] [debug] 302 Found (0.000615s, 1626.016/s)
[Thu Jul  2 06:59:12 2015] [debug] GET "/connect"
[Thu Jul  2 06:59:12 2015] [debug] Routing to a callback
[Thu Jul  2 06:59:12 2015] [debug] Cookie "mojolicious" has a bad signature
[Thu Jul  2 06:59:12 2015] [debug] Cookie "mojolicious" has a bad signature
[Thu Jul  2 06:59:12 2015] [debug] Rendering cached template "connect.html.ep" from DATA section
[Thu Jul  2 06:59:12 2015] [debug] Cookie "mojolicious" has a bad signature
[Thu Jul  2 06:59:12 2015] [debug] Cookie "mojolicious" has a bad signature
[Thu Jul  2 06:59:12 2015] [debug] Cookie "mojolicious" has a bad signature
[Thu Jul  2 06:59:12 2015] [debug] Cookie "mojolicious" has a bad signature
[Thu Jul  2 06:59:12 2015] [debug] Cookie "mojolicious" has a bad signature
[Thu Jul  2 06:59:12 2015] [debug] 200 OK (0.002951s, 338.868/s)
[Thu Jul  2 06:59:15 2015] [debug] GET "/connect/mocked"
[Thu Jul  2 06:59:15 2015] [debug] Routing to a callback
[Thu Jul  2 06:59:15 2015] [debug] Nothing has been rendered, expecting delayed response
[Thu Jul  2 06:59:15 2015] [debug] 302 Found (0.004796s, 208.507/s)
[Thu Jul  2 06:59:15 2015] [debug] GET "/mocked/oauth/authorize"
[Thu Jul  2 06:59:15 2015] [debug] Routing to a callback
[Thu Jul  2 06:59:15 2015] [debug] 200 OK (0.002671s, 374.392/s)
[Thu Jul  2 06:59:17 2015] [debug] GET "/connect/mocked"
[Thu Jul  2 06:59:17 2015] [debug] Routing to a callback
[Thu Jul  2 06:59:17 2015] [debug] Nothing has been rendered, expecting delayed response
[Thu Jul  2 06:59:17 2015] [debug] POST "/mocked/oauth/token"
[Thu Jul  2 06:59:17 2015] [debug] Routing to a callback
[Thu Jul  2 06:59:17 2015] [debug] 200 OK (0.002029s, 492.854/s)
[Thu Jul  2 06:59:17 2015] [error] Can't locate object method "new" via package "TimeClock::Model::OAuth2" (perhaps you forgot to load "TimeClock::Model::OAuth2"?) at time_clock.pl line 13, <DATA> line 121.

[Thu Jul  2 06:59:17 2015] [debug] Template "exception.development.html.ep" not found
[Thu Jul  2 06:59:17 2015] [debug] Template "exception.html.ep" not found
[Thu Jul  2 06:59:17 2015] [debug] Rendering inline template "fd403ab55a4c875e35b42428816134c7"
[Thu Jul  2 06:59:17 2015] [debug] Rendering inline template "dd85456cf9f44e1e43bebae130a7f9df"
[Thu Jul  2 06:59:17 2015] [debug] 500 Internal Server Error (0.038507s, 25.969/s)
[Thu Jul  2 07:00:12 2015] [debug] Reading configuration file "/home/stefan/Dropbox/Projects/time_clock/time_clock.conf"
[Thu Jul  2 07:00:12 2015] [debug] Your secret passphrase needs to be changed
[Thu Jul  2 07:00:12 2015] [info] Listening at "http://*:3000"
[Thu Jul  2 07:00:15 2015] [debug] GET "/connect/mocked"
[Thu Jul  2 07:00:15 2015] [debug] Routing to a callback
[Thu Jul  2 07:00:15 2015] [debug] Nothing has been rendered, expecting delayed response
[Thu Jul  2 07:00:15 2015] [debug] POST "/mocked/oauth/token"
[Thu Jul  2 07:00:15 2015] [debug] Routing to a callback
[Thu Jul  2 07:00:15 2015] [debug] 200 OK (0.000985s, 1015.228/s)
[Thu Jul  2 07:00:15 2015] [error] Can't locate object method "new" via package "TimeClock::Model::OAuth2" (perhaps you forgot to load "TimeClock::Model::OAuth2"?) at time_clock.pl line 13, <DATA> line 121.

[Thu Jul  2 07:00:15 2015] [debug] Template "exception.development.html.ep" not found
[Thu Jul  2 07:00:15 2015] [debug] Template "exception.html.ep" not found
[Thu Jul  2 07:00:15 2015] [debug] Rendering inline template "fd403ab55a4c875e35b42428816134c7"
[Thu Jul  2 07:00:15 2015] [debug] Rendering inline template "dd85456cf9f44e1e43bebae130a7f9df"
[Thu Jul  2 07:00:15 2015] [debug] 500 Internal Server Error (0.036546s, 27.363/s)
[Thu Jul  2 07:00:21 2015] [debug] GET "/"
[Thu Jul  2 07:00:21 2015] [debug] Routing to a callback
[Thu Jul  2 07:00:21 2015] [debug] 302 Found (0.002342s, 426.985/s)
[Thu Jul  2 07:00:21 2015] [debug] GET "/connect"
[Thu Jul  2 07:00:21 2015] [debug] Routing to a callback
[Thu Jul  2 07:00:21 2015] [debug] Rendering template "connect.html.ep" from DATA section
[Thu Jul  2 07:00:21 2015] [debug] 200 OK (0.008384s, 119.275/s)
[Thu Jul  2 07:00:21 2015] [debug] GET "/"
[Thu Jul  2 07:00:21 2015] [debug] Routing to a callback
[Thu Jul  2 07:00:21 2015] [debug] 302 Found (0.000579s, 1727.116/s)
[Thu Jul  2 07:00:21 2015] [debug] GET "/connect"
[Thu Jul  2 07:00:21 2015] [debug] Routing to a callback
[Thu Jul  2 07:00:21 2015] [debug] Rendering cached template "connect.html.ep" from DATA section
[Thu Jul  2 07:00:21 2015] [debug] 200 OK (0.003083s, 324.359/s)
[Thu Jul  2 07:00:24 2015] [debug] GET "/connect/mocked"
[Thu Jul  2 07:00:24 2015] [debug] Routing to a callback
[Thu Jul  2 07:00:24 2015] [debug] Nothing has been rendered, expecting delayed response
[Thu Jul  2 07:00:24 2015] [debug] 302 Found (0.004335s, 230.681/s)
[Thu Jul  2 07:00:24 2015] [debug] GET "/mocked/oauth/authorize"
[Thu Jul  2 07:00:24 2015] [debug] Routing to a callback
[Thu Jul  2 07:00:24 2015] [debug] 200 OK (0.001102s, 907.441/s)
[Thu Jul  2 07:00:26 2015] [debug] GET "/connect/mocked"
[Thu Jul  2 07:00:26 2015] [debug] Routing to a callback
[Thu Jul  2 07:00:26 2015] [debug] Nothing has been rendered, expecting delayed response
[Thu Jul  2 07:00:26 2015] [debug] POST "/mocked/oauth/token"
[Thu Jul  2 07:00:26 2015] [debug] Routing to a callback
[Thu Jul  2 07:00:26 2015] [debug] 200 OK (0.000456s, 2192.982/s)
[Thu Jul  2 07:00:26 2015] [error] Can't call method "store" on an undefined value at time_clock.pl line 22.

[Thu Jul  2 07:00:26 2015] [debug] Template "exception.development.html.ep" not found
[Thu Jul  2 07:00:26 2015] [debug] Template "exception.html.ep" not found
[Thu Jul  2 07:00:26 2015] [debug] Rendering cached inline template "fd403ab55a4c875e35b42428816134c7"
[Thu Jul  2 07:00:26 2015] [debug] Rendering cached inline template "dd85456cf9f44e1e43bebae130a7f9df"
[Thu Jul  2 07:00:26 2015] [debug] 500 Internal Server Error (0.018507s, 54.034/s)
[Thu Jul  2 07:01:04 2015] [debug] Reading configuration file "/home/stefan/Dropbox/Projects/time_clock/time_clock.conf"
[Thu Jul  2 07:01:04 2015] [debug] Your secret passphrase needs to be changed
[Thu Jul  2 07:01:04 2015] [info] Listening at "http://*:3000"
[Thu Jul  2 07:01:12 2015] [debug] GET "/connect"
[Thu Jul  2 07:01:12 2015] [debug] Routing to a callback
[Thu Jul  2 07:01:12 2015] [debug] Rendering template "connect.html.ep" from DATA section
[Thu Jul  2 07:01:12 2015] [debug] 200 OK (0.013154s, 76.023/s)
[Thu Jul  2 07:01:13 2015] [debug] GET "/connect"
[Thu Jul  2 07:01:13 2015] [debug] Routing to a callback
[Thu Jul  2 07:01:13 2015] [debug] Rendering cached template "connect.html.ep" from DATA section
[Thu Jul  2 07:01:13 2015] [debug] 200 OK (0.003430s, 291.545/s)
[Thu Jul  2 07:01:15 2015] [debug] GET "/connect/mocked"
[Thu Jul  2 07:01:15 2015] [debug] Routing to a callback
[Thu Jul  2 07:01:15 2015] [debug] Nothing has been rendered, expecting delayed response
[Thu Jul  2 07:01:15 2015] [debug] 302 Found (0.004802s, 208.247/s)
[Thu Jul  2 07:01:15 2015] [debug] GET "/mocked/oauth/authorize"
[Thu Jul  2 07:01:15 2015] [debug] Routing to a callback
[Thu Jul  2 07:01:15 2015] [debug] 200 OK (0.001843s, 542.594/s)
[Thu Jul  2 07:01:17 2015] [debug] GET "/connect/mocked"
[Thu Jul  2 07:01:17 2015] [debug] Routing to a callback
[Thu Jul  2 07:01:17 2015] [debug] Nothing has been rendered, expecting delayed response
[Thu Jul  2 07:01:17 2015] [debug] POST "/mocked/oauth/token"
[Thu Jul  2 07:01:17 2015] [debug] Routing to a callback
[Thu Jul  2 07:01:17 2015] [debug] 200 OK (0.001016s, 984.252/s)
[Thu Jul  2 07:01:17 2015] [error] Can't locate object method "new" via package "TimeClock::Model::OAuth2" (perhaps you forgot to load "TimeClock::Model::OAuth2"?) at time_clock.pl line 13, <DATA> line 121.

[Thu Jul  2 07:01:17 2015] [debug] Template "exception.development.html.ep" not found
[Thu Jul  2 07:01:17 2015] [debug] Template "exception.html.ep" not found
[Thu Jul  2 07:01:17 2015] [debug] Rendering inline template "fd403ab55a4c875e35b42428816134c7"
[Thu Jul  2 07:01:17 2015] [debug] Rendering inline template "dd85456cf9f44e1e43bebae130a7f9df"
[Thu Jul  2 07:01:17 2015] [debug] 500 Internal Server Error (0.037094s, 26.959/s)
[Thu Jul  2 07:01:49 2015] [debug] Reading configuration file "/home/stefan/Dropbox/Projects/time_clock/time_clock.conf"
[Thu Jul  2 07:01:49 2015] [debug] Your secret passphrase needs to be changed
[Thu Jul  2 07:01:49 2015] [info] Listening at "http://*:3000"
[Thu Jul  2 07:01:53 2015] [debug] GET "/connect"
[Thu Jul  2 07:01:53 2015] [debug] Routing to a callback
[Thu Jul  2 07:01:53 2015] [debug] Rendering template "connect.html.ep" from DATA section
[Thu Jul  2 07:01:53 2015] [debug] 200 OK (0.012439s, 80.392/s)
[Thu Jul  2 07:01:53 2015] [debug] GET "/connect"
[Thu Jul  2 07:01:53 2015] [debug] Routing to a callback
[Thu Jul  2 07:01:53 2015] [debug] Rendering cached template "connect.html.ep" from DATA section
[Thu Jul  2 07:01:53 2015] [debug] 200 OK (0.004283s, 233.481/s)
[Thu Jul  2 07:01:56 2015] [debug] GET "/connect/mocked"
[Thu Jul  2 07:01:56 2015] [debug] Routing to a callback
[Thu Jul  2 07:01:56 2015] [debug] Nothing has been rendered, expecting delayed response
[Thu Jul  2 07:01:56 2015] [debug] 302 Found (0.005100s, 196.078/s)
[Thu Jul  2 07:01:56 2015] [debug] GET "/mocked/oauth/authorize"
[Thu Jul  2 07:01:56 2015] [debug] Routing to a callback
[Thu Jul  2 07:01:56 2015] [debug] 200 OK (0.001692s, 591.017/s)
[Thu Jul  2 07:01:57 2015] [debug] GET "/connect/mocked"
[Thu Jul  2 07:01:57 2015] [debug] Routing to a callback
[Thu Jul  2 07:01:57 2015] [debug] Nothing has been rendered, expecting delayed response
[Thu Jul  2 07:01:57 2015] [debug] POST "/mocked/oauth/token"
[Thu Jul  2 07:01:57 2015] [debug] Routing to a callback
[Thu Jul  2 07:01:57 2015] [debug] 200 OK (0.000978s, 1022.495/s)
[Thu Jul  2 07:01:57 2015] [debug] GET "/mocked/me"
[Thu Jul  2 07:01:57 2015] [debug] Routing to a callback
[Thu Jul  2 07:01:57 2015] [debug] 200 OK (0.001663s, 601.323/s)
[Thu Jul  2 07:01:57 2015] [debug] 302 Found (0.033157s, 30.160/s)
[Thu Jul  2 07:01:57 2015] [debug] GET "/timeclock"
[Thu Jul  2 07:01:57 2015] [debug] Routing to a callback
[Thu Jul  2 07:01:57 2015] [error] Can't locate object method "new" via package "TimeClock::Model::Timeclock" (perhaps you forgot to load "TimeClock::Model::Timeclock"?) at time_clock.pl line 14, <DATA> line 121.

[Thu Jul  2 07:01:57 2015] [debug] Template "exception.development.html.ep" not found
[Thu Jul  2 07:01:57 2015] [debug] Template "exception.html.ep" not found
[Thu Jul  2 07:01:57 2015] [debug] Rendering inline template "fd403ab55a4c875e35b42428816134c7"
[Thu Jul  2 07:01:57 2015] [debug] Rendering inline template "dd85456cf9f44e1e43bebae130a7f9df"
[Thu Jul  2 07:01:57 2015] [debug] 500 Internal Server Error (0.055535s, 18.007/s)
[Thu Jul  2 07:02:40 2015] [debug] Reading configuration file "/home/stefan/Dropbox/Projects/time_clock/time_clock.conf"
[Thu Jul  2 07:02:40 2015] [debug] Your secret passphrase needs to be changed
[Thu Jul  2 07:02:40 2015] [info] Listening at "http://*:3000"
[Thu Jul  2 07:02:44 2015] [debug] GET "/connect"
[Thu Jul  2 07:02:44 2015] [debug] Routing to a callback
[Thu Jul  2 07:02:44 2015] [debug] Rendering template "connect.html.ep" from DATA section
[Thu Jul  2 07:02:44 2015] [debug] 200 OK (0.010830s, 92.336/s)
[Thu Jul  2 07:02:45 2015] [debug] GET "/connect"
[Thu Jul  2 07:02:45 2015] [debug] Routing to a callback
[Thu Jul  2 07:02:45 2015] [debug] Rendering cached template "connect.html.ep" from DATA section
[Thu Jul  2 07:02:45 2015] [debug] 200 OK (0.002675s, 373.832/s)
[Thu Jul  2 07:02:47 2015] [debug] GET "/connect/mocked"
[Thu Jul  2 07:02:47 2015] [debug] Routing to a callback
[Thu Jul  2 07:02:47 2015] [debug] Nothing has been rendered, expecting delayed response
[Thu Jul  2 07:02:47 2015] [debug] 302 Found (0.003700s, 270.270/s)
[Thu Jul  2 07:02:47 2015] [debug] GET "/timeclock"
[Thu Jul  2 07:02:47 2015] [debug] Routing to a callback
[Thu Jul  2 07:02:47 2015] [error] DBD::Pg::st execute failed: ERROR:  relation "timeclock" does not exist
LINE 1: select * from timeclock where user_id = $1
                      ^ at /home/stefan/perl5/lib/perl5/Mojo/Pg/Database.pm line 82, <DATA> line 121.

[Thu Jul  2 07:02:47 2015] [debug] Template "exception.development.html.ep" not found
[Thu Jul  2 07:02:47 2015] [debug] Template "exception.html.ep" not found
[Thu Jul  2 07:02:47 2015] [debug] Rendering inline template "fd403ab55a4c875e35b42428816134c7"
[Thu Jul  2 07:02:47 2015] [debug] Rendering inline template "dd85456cf9f44e1e43bebae130a7f9df"
[Thu Jul  2 07:02:47 2015] [debug] 500 Internal Server Error (0.082171s, 12.170/s)
[Thu Jul  2 07:03:22 2015] [debug] Reading configuration file "/home/stefan/Dropbox/Projects/time_clock/time_clock.conf"
[Thu Jul  2 07:03:22 2015] [debug] Your secret passphrase needs to be changed
[Thu Jul  2 07:03:22 2015] [info] Listening at "http://*:3000"
[Thu Jul  2 07:03:27 2015] [debug] GET "/connect"
[Thu Jul  2 07:03:27 2015] [debug] Routing to a callback
[Thu Jul  2 07:03:27 2015] [debug] Rendering template "connect.html.ep" from DATA section
[Thu Jul  2 07:03:27 2015] [debug] 200 OK (0.006406s, 156.104/s)
[Thu Jul  2 07:03:28 2015] [debug] GET "/connect"
[Thu Jul  2 07:03:28 2015] [debug] Routing to a callback
[Thu Jul  2 07:03:28 2015] [debug] Rendering cached template "connect.html.ep" from DATA section
[Thu Jul  2 07:03:28 2015] [debug] 200 OK (0.005604s, 178.444/s)
[Thu Jul  2 07:03:31 2015] [debug] GET "/connect/mocked"
[Thu Jul  2 07:03:31 2015] [debug] Routing to a callback
[Thu Jul  2 07:03:31 2015] [debug] Nothing has been rendered, expecting delayed response
[Thu Jul  2 07:03:31 2015] [debug] 302 Found (0.004107s, 243.487/s)
[Thu Jul  2 07:03:31 2015] [debug] GET "/timeclock"
[Thu Jul  2 07:03:31 2015] [debug] Routing to a callback
[Thu Jul  2 07:03:31 2015] [error] DBD::Pg::st execute failed: ERROR:  column "user_id" does not exist
LINE 1: select * from timeclock where user_id = $1
                                      ^ at /home/stefan/perl5/lib/perl5/Mojo/Pg/Database.pm line 82, <DATA> line 121.

[Thu Jul  2 07:03:31 2015] [debug] Template "exception.development.html.ep" not found
[Thu Jul  2 07:03:31 2015] [debug] Template "exception.html.ep" not found
[Thu Jul  2 07:03:31 2015] [debug] Rendering inline template "fd403ab55a4c875e35b42428816134c7"
[Thu Jul  2 07:03:31 2015] [debug] Rendering inline template "dd85456cf9f44e1e43bebae130a7f9df"
[Thu Jul  2 07:03:31 2015] [debug] 500 Internal Server Error (0.034900s, 28.653/s)
[Thu Jul  2 07:04:06 2015] [debug] Reading configuration file "/home/stefan/Dropbox/Projects/time_clock/time_clock.conf"
[Thu Jul  2 07:04:06 2015] [debug] Your secret passphrase needs to be changed
[Thu Jul  2 07:04:06 2015] [info] Listening at "http://*:3000"
[Thu Jul  2 07:04:10 2015] [debug] GET "/connect"
[Thu Jul  2 07:04:10 2015] [debug] Routing to a callback
[Thu Jul  2 07:04:10 2015] [debug] Rendering template "connect.html.ep" from DATA section
[Thu Jul  2 07:04:10 2015] [debug] 200 OK (0.009079s, 110.144/s)
[Thu Jul  2 07:04:11 2015] [debug] GET "/conect"
[Thu Jul  2 07:04:11 2015] [debug] Template "not_found.development.html.ep" not found
[Thu Jul  2 07:04:11 2015] [debug] Template "not_found.html.ep" not found
[Thu Jul  2 07:04:11 2015] [debug] Rendering inline template "fd403ab55a4c875e35b42428816134c7"
[Thu Jul  2 07:04:11 2015] [debug] Rendering inline template "dd85456cf9f44e1e43bebae130a7f9df"
[Thu Jul  2 07:04:11 2015] [debug] 404 Not Found (0.027516s, 36.342/s)
[Thu Jul  2 07:04:20 2015] [debug] GET "/connect"
[Thu Jul  2 07:04:20 2015] [debug] Routing to a callback
[Thu Jul  2 07:04:20 2015] [debug] Rendering cached template "connect.html.ep" from DATA section
[Thu Jul  2 07:04:20 2015] [debug] 200 OK (0.002938s, 340.368/s)
[Thu Jul  2 07:04:21 2015] [debug] GET "/connect"
[Thu Jul  2 07:04:21 2015] [debug] Routing to a callback
[Thu Jul  2 07:04:21 2015] [debug] Rendering cached template "connect.html.ep" from DATA section
[Thu Jul  2 07:04:21 2015] [debug] 200 OK (0.003856s, 259.336/s)
[Thu Jul  2 07:04:23 2015] [debug] GET "/connect/mocked"
[Thu Jul  2 07:04:23 2015] [debug] Routing to a callback
[Thu Jul  2 07:04:23 2015] [debug] Nothing has been rendered, expecting delayed response
[Thu Jul  2 07:04:23 2015] [debug] 302 Found (0.003383s, 295.596/s)
[Thu Jul  2 07:04:23 2015] [debug] GET "/timeclock"
[Thu Jul  2 07:04:23 2015] [debug] Routing to a callback
[Thu Jul  2 07:04:23 2015] [error] DBD::Pg::st execute failed: ERROR:  permission denied for relation timeclock at /home/stefan/perl5/lib/perl5/Mojo/Pg/Database.pm line 82, <DATA> line 121.

[Thu Jul  2 07:04:23 2015] [debug] Template "exception.development.html.ep" not found
[Thu Jul  2 07:04:23 2015] [debug] Template "exception.html.ep" not found
[Thu Jul  2 07:04:23 2015] [debug] Rendering inline template "fd403ab55a4c875e35b42428816134c7"
[Thu Jul  2 07:04:23 2015] [debug] Rendering inline template "dd85456cf9f44e1e43bebae130a7f9df"
[Thu Jul  2 07:04:23 2015] [debug] 500 Internal Server Error (0.061363s, 16.296/s)
[Thu Jul  2 07:05:29 2015] [debug] Reading configuration file "/home/stefan/Dropbox/Projects/time_clock/time_clock.conf"
[Thu Jul  2 07:05:29 2015] [debug] Your secret passphrase needs to be changed
[Thu Jul  2 07:05:29 2015] [info] Listening at "http://*:3000"
[Thu Jul  2 07:05:32 2015] [debug] GET "/timeclock"
[Thu Jul  2 07:05:32 2015] [debug] Routing to a callback
[Thu Jul  2 07:05:32 2015] [error] DBD::Pg::st execute failed: ERROR:  permission denied for relation timeclock at /home/stefan/perl5/lib/perl5/Mojo/Pg/Database.pm line 82, <DATA> line 121.

[Thu Jul  2 07:05:32 2015] [debug] Template "exception.development.html.ep" not found
[Thu Jul  2 07:05:32 2015] [debug] Template "exception.html.ep" not found
[Thu Jul  2 07:05:32 2015] [debug] Rendering inline template "fd403ab55a4c875e35b42428816134c7"
[Thu Jul  2 07:05:32 2015] [debug] Rendering inline template "dd85456cf9f44e1e43bebae130a7f9df"
[Thu Jul  2 07:05:32 2015] [debug] 500 Internal Server Error (0.038922s, 25.692/s)
[Thu Jul  2 07:07:03 2015] [debug] Reading configuration file "/home/stefan/Dropbox/Projects/time_clock/time_clock.conf"
[Thu Jul  2 07:07:03 2015] [debug] Your secret passphrase needs to be changed
[Thu Jul  2 07:07:03 2015] [info] Listening at "http://*:3000"
[Thu Jul  2 07:07:10 2015] [debug] GET "/timeclock"
[Thu Jul  2 07:07:10 2015] [debug] Routing to a callback
[Thu Jul  2 07:07:10 2015] [error] DBD::Pg::st execute failed: ERROR:  permission denied for relation timeclock at /home/stefan/perl5/lib/perl5/Mojo/Pg/Database.pm line 82, <DATA> line 121.

[Thu Jul  2 07:07:10 2015] [debug] Template "exception.development.html.ep" not found
[Thu Jul  2 07:07:10 2015] [debug] Template "exception.html.ep" not found
[Thu Jul  2 07:07:10 2015] [debug] Rendering inline template "fd403ab55a4c875e35b42428816134c7"
[Thu Jul  2 07:07:10 2015] [debug] Rendering inline template "dd85456cf9f44e1e43bebae130a7f9df"
[Thu Jul  2 07:07:10 2015] [debug] 500 Internal Server Error (0.033887s, 29.510/s)
[Thu Jul  2 07:09:09 2015] [debug] Reading configuration file "/home/stefan/Dropbox/Projects/time_clock/time_clock.conf"
[Thu Jul  2 07:09:09 2015] [debug] Your secret passphrase needs to be changed
[Thu Jul  2 07:09:09 2015] [info] Listening at "http://*:3000"
[Thu Jul  2 07:09:14 2015] [debug] GET "/timeclock"
[Thu Jul  2 07:09:14 2015] [debug] Routing to a callback
[Thu Jul  2 07:09:14 2015] [error] DBD::Pg::st execute failed: ERROR:  permission denied for relation timeclock at /home/stefan/perl5/lib/perl5/Mojo/Pg/Database.pm line 82, <DATA> line 121.

[Thu Jul  2 07:09:14 2015] [debug] Template "exception.development.html.ep" not found
[Thu Jul  2 07:09:14 2015] [debug] Template "exception.html.ep" not found
[Thu Jul  2 07:09:14 2015] [debug] Rendering inline template "fd403ab55a4c875e35b42428816134c7"
[Thu Jul  2 07:09:14 2015] [debug] Rendering inline template "dd85456cf9f44e1e43bebae130a7f9df"
[Thu Jul  2 07:09:14 2015] [debug] 500 Internal Server Error (0.038634s, 25.884/s)
[Thu Jul  2 07:10:39 2015] [debug] Reading configuration file "/home/stefan/Dropbox/Projects/time_clock/time_clock.conf"
[Thu Jul  2 07:10:39 2015] [debug] Your secret passphrase needs to be changed
[Thu Jul  2 07:10:39 2015] [info] Listening at "http://*:3000"
[Thu Jul  2 07:10:42 2015] [debug] GET "/timeclock"
[Thu Jul  2 07:10:42 2015] [debug] Routing to a callback
[Thu Jul  2 07:10:42 2015] [error] DBD::Pg::st execute failed: ERROR:  permission denied for relation timeclock at /home/stefan/perl5/lib/perl5/Mojo/Pg/Database.pm line 82, <DATA> line 121.

[Thu Jul  2 07:10:42 2015] [debug] Template "exception.development.html.ep" not found
[Thu Jul  2 07:10:42 2015] [debug] Template "exception.html.ep" not found
[Thu Jul  2 07:10:42 2015] [debug] Rendering inline template "fd403ab55a4c875e35b42428816134c7"
[Thu Jul  2 07:10:42 2015] [debug] Rendering inline template "dd85456cf9f44e1e43bebae130a7f9df"
[Thu Jul  2 07:10:42 2015] [debug] 500 Internal Server Error (0.035445s, 28.213/s)
[Thu Jul  2 07:17:11 2015] [debug] Reading configuration file "/home/stefan/Dropbox/Projects/time_clock/time_clock.conf"
[Thu Jul  2 07:17:11 2015] [debug] Your secret passphrase needs to be changed
[Thu Jul  2 07:17:11 2015] [info] Listening at "http://*:3000"
[Thu Jul  2 07:17:14 2015] [debug] GET "/timeclock"
[Thu Jul  2 07:17:14 2015] [debug] Routing to a callback
[Thu Jul  2 07:17:14 2015] [debug] Rendering template "timeclock.html.ep" from DATA section
[Thu Jul  2 07:17:14 2015] [error] Bareword "status" not allowed while "strict subs" in use at template timeclock.html.ep from DATA section line 3, <DATA> line 121.
1: Name: <%= $user->{first_name} %>
2: % if ( my $status = $timeclock->status ) {
3:   <%= status %><br />
4:   <%= submit_button 'clock_out' %>
5: % } else {
6:   Not active <br />
7:   <%= submit_button 'clock_in' %>
8: % }

[Thu Jul  2 07:17:14 2015] [debug] Template "exception.development.html.ep" not found
[Thu Jul  2 07:17:14 2015] [debug] Template "exception.html.ep" not found
[Thu Jul  2 07:17:14 2015] [debug] Rendering inline template "fd403ab55a4c875e35b42428816134c7"
[Thu Jul  2 07:17:14 2015] [debug] Rendering inline template "dd85456cf9f44e1e43bebae130a7f9df"
[Thu Jul  2 07:17:14 2015] [debug] 500 Internal Server Error (0.039411s, 25.374/s)
[Thu Jul  2 07:19:16 2015] [debug] Reading configuration file "/home/stefan/Dropbox/Projects/time_clock/time_clock.conf"
[Thu Jul  2 07:19:16 2015] [debug] Your secret passphrase needs to be changed
[Thu Jul  2 07:19:16 2015] [info] Listening at "http://*:3000"
[Thu Jul  2 07:19:22 2015] [debug] GET "/timeclock"
[Thu Jul  2 07:19:22 2015] [debug] Routing to a callback
[Thu Jul  2 07:19:22 2015] [debug] Rendering template "timeclock.html.ep" from DATA section
[Thu Jul  2 07:19:22 2015] [error] syntax error at template timeclock.html.ep from DATA section line 10, near "} $_O "
Global symbol "$_O" requires explicit package name at template timeclock.html.ep from DATA section line 10, <DATA> line 115.
Unmatched right curly bracket at template timeclock.html.ep from DATA section line 10, at end of line
5:   <%= submit_button clock => 'out' %>
6: % } else {
7:   Not active <br />
8:   <%= submit_button clock => 'in' %>
9: % }
10: % end

[Thu Jul  2 07:19:22 2015] [debug] Template "exception.development.html.ep" not found
[Thu Jul  2 07:19:22 2015] [debug] Template "exception.html.ep" not found
[Thu Jul  2 07:19:22 2015] [debug] Rendering inline template "fd403ab55a4c875e35b42428816134c7"
[Thu Jul  2 07:19:22 2015] [debug] Rendering inline template "dd85456cf9f44e1e43bebae130a7f9df"
[Thu Jul  2 07:19:22 2015] [debug] 500 Internal Server Error (0.041085s, 24.340/s)
[Thu Jul  2 07:28:42 2015] [debug] Reading configuration file "/home/stefan/Dropbox/Projects/time_clock/time_clock.conf"
[Thu Jul  2 07:28:42 2015] [debug] Your secret passphrase needs to be changed
[Thu Jul  2 07:28:42 2015] [info] Listening at "http://*:3000"
[Thu Jul  2 07:28:45 2015] [debug] GET "/timeclock"
[Thu Jul  2 07:28:45 2015] [debug] Routing to a callback
[Thu Jul  2 07:28:45 2015] [debug] Rendering template "timeclock.html.ep" from DATA section
[Thu Jul  2 07:28:45 2015] [error] syntax error at template timeclock.html.ep from DATA section line 12, near "} $_O "
Global symbol "$_O" requires explicit package name at template timeclock.html.ep from DATA section line 12, <DATA> line 121.
Unmatched right curly bracket at template timeclock.html.ep from DATA section line 12, at end of line
7: % } else {
8:   Not active <br />
9:   %= hidden_field clock => 'in'
10:   %= submit_button 'Clock in'
11: % }
12: % end

[Thu Jul  2 07:28:45 2015] [debug] Template "exception.development.html.ep" not found
[Thu Jul  2 07:28:45 2015] [debug] Template "exception.html.ep" not found
[Thu Jul  2 07:28:45 2015] [debug] Rendering inline template "fd403ab55a4c875e35b42428816134c7"
[Thu Jul  2 07:28:45 2015] [debug] Rendering inline template "dd85456cf9f44e1e43bebae130a7f9df"
[Thu Jul  2 07:28:45 2015] [debug] 500 Internal Server Error (0.043228s, 23.133/s)
[Thu Jul  2 07:33:45 2015] [debug] Reading configuration file "/home/stefan/Dropbox/Projects/time_clock/time_clock.conf"
[Thu Jul  2 07:33:45 2015] [debug] Your secret passphrase needs to be changed
[Thu Jul  2 07:33:45 2015] [info] Listening at "http://*:3000"
[Thu Jul  2 07:33:49 2015] [debug] GET "/connect"
[Thu Jul  2 07:33:49 2015] [debug] Routing to a callback
[Thu Jul  2 07:33:49 2015] [debug] Rendering template "connect.html.ep" from DATA section
[Thu Jul  2 07:33:49 2015] [debug] 200 OK (0.014969s, 66.805/s)
[Thu Jul  2 07:33:50 2015] [debug] GET "/connect"
[Thu Jul  2 07:33:50 2015] [debug] Routing to a callback
[Thu Jul  2 07:33:50 2015] [debug] Rendering cached template "connect.html.ep" from DATA section
[Thu Jul  2 07:33:50 2015] [debug] 200 OK (0.003895s, 256.739/s)
[Thu Jul  2 07:33:54 2015] [debug] GET "/profile"
[Thu Jul  2 07:33:54 2015] [debug] Routing to a callback
[Thu Jul  2 07:33:54 2015] [debug] Rendering template "profile.html.ep" from DATA section
[Thu Jul  2 07:33:54 2015] [debug] 200 OK (0.007645s, 130.804/s)
[Thu Jul  2 07:33:55 2015] [debug] GET "/profile"
[Thu Jul  2 07:33:55 2015] [debug] Routing to a callback
[Thu Jul  2 07:33:55 2015] [debug] Rendering cached template "profile.html.ep" from DATA section
[Thu Jul  2 07:33:55 2015] [debug] 200 OK (0.002577s, 388.048/s)
[Thu Jul  2 07:33:59 2015] [debug] GET "/"
[Thu Jul  2 07:33:59 2015] [debug] Routing to a callback
[Thu Jul  2 07:33:59 2015] [debug] 302 Found (0.002550s, 392.157/s)
[Thu Jul  2 07:33:59 2015] [debug] GET "/timeclock"
[Thu Jul  2 07:33:59 2015] [debug] Routing to a callback
[Thu Jul  2 07:33:59 2015] [debug] Rendering template "timeclock.html.ep" from DATA section
[Thu Jul  2 07:33:59 2015] [error] syntax error at template timeclock.html.ep from DATA section line 12, near "} $_O "
Global symbol "$_O" requires explicit package name at template timeclock.html.ep from DATA section line 12, <DATA> line 121.
Unmatched right curly bracket at template timeclock.html.ep from DATA section line 12, at end of line
7: % } else {
8:   Not active <br />
9:   %= hidden_field clock => 'in'
10:   %= submit_button 'Clock in'
11: % }
12: % end

[Thu Jul  2 07:33:59 2015] [debug] Template "exception.development.html.ep" not found
[Thu Jul  2 07:33:59 2015] [debug] Template "exception.html.ep" not found
[Thu Jul  2 07:33:59 2015] [debug] Rendering inline template "fd403ab55a4c875e35b42428816134c7"
[Thu Jul  2 07:33:59 2015] [debug] Rendering inline template "dd85456cf9f44e1e43bebae130a7f9df"
[Thu Jul  2 07:33:59 2015] [debug] 500 Internal Server Error (0.039041s, 25.614/s)
[Thu Jul  2 07:33:59 2015] [debug] GET "/"
[Thu Jul  2 07:33:59 2015] [debug] Routing to a callback
[Thu Jul  2 07:33:59 2015] [debug] 302 Found (0.000648s, 1543.210/s)
[Thu Jul  2 07:33:59 2015] [debug] GET "/timeclock"
[Thu Jul  2 07:33:59 2015] [debug] Routing to a callback
[Thu Jul  2 07:33:59 2015] [debug] Rendering template "timeclock.html.ep" from DATA section
[Thu Jul  2 07:33:59 2015] [error] syntax error at template timeclock.html.ep from DATA section line 12, near "} $_O "
Global symbol "$_O" requires explicit package name at template timeclock.html.ep from DATA section line 12, <DATA> line 121.
Unmatched right curly bracket at template timeclock.html.ep from DATA section line 12, at end of line
7: % } else {
8:   Not active <br />
9:   %= hidden_field clock => 'in'
10:   %= submit_button 'Clock in'
11: % }
12: % end

[Thu Jul  2 07:33:59 2015] [debug] Template "exception.development.html.ep" not found
[Thu Jul  2 07:33:59 2015] [debug] Template "exception.html.ep" not found
[Thu Jul  2 07:33:59 2015] [debug] Rendering cached inline template "fd403ab55a4c875e35b42428816134c7"
[Thu Jul  2 07:33:59 2015] [debug] Rendering cached inline template "dd85456cf9f44e1e43bebae130a7f9df"
[Thu Jul  2 07:33:59 2015] [debug] 500 Internal Server Error (0.011820s, 84.602/s)
[Thu Jul  2 07:34:48 2015] [debug] Reading configuration file "/home/stefan/Dropbox/Projects/time_clock/time_clock.conf"
[Thu Jul  2 07:34:48 2015] [debug] Your secret passphrase needs to be changed
[Thu Jul  2 07:34:48 2015] [info] Listening at "http://*:3000"
[Thu Jul  2 07:34:50 2015] [debug] GET "/timeclock"
[Thu Jul  2 07:34:50 2015] [debug] Routing to a callback
[Thu Jul  2 07:34:50 2015] [debug] Rendering template "timeclock.html.ep" from DATA section
[Thu Jul  2 07:34:50 2015] [error] Can't call method "status" on an undefined value at template timeclock.html.ep from DATA section line 3, <DATA> line 121.
1: Name: <%= $user->{first_name} %>
2: %= form_for timeclock => begin
3: % if ( my $status = $timeclock->status ) {
4:   <%= $status %><br />
5:   %= hidden_field clock => 'out'
6:   %= submit_button 'Clock out'
7: % } else {
8:   Not active <br />

[Thu Jul  2 07:34:50 2015] [debug] Template "exception.development.html.ep" not found
[Thu Jul  2 07:34:50 2015] [debug] Template "exception.html.ep" not found
[Thu Jul  2 07:34:50 2015] [debug] Rendering inline template "fd403ab55a4c875e35b42428816134c7"
[Thu Jul  2 07:34:50 2015] [debug] Rendering inline template "dd85456cf9f44e1e43bebae130a7f9df"
[Thu Jul  2 07:34:50 2015] [debug] 500 Internal Server Error (0.039718s, 25.178/s)
[Thu Jul  2 07:37:28 2015] [debug] Reading configuration file "/home/stefan/Dropbox/Projects/time_clock/time_clock.conf"
[Thu Jul  2 07:37:28 2015] [debug] Your secret passphrase needs to be changed
[Thu Jul  2 07:37:28 2015] [info] Listening at "http://*:3000"
[Thu Jul  2 07:37:31 2015] [debug] GET "/timeclock"
[Thu Jul  2 07:37:31 2015] [debug] Routing to a callback
[Thu Jul  2 07:37:31 2015] [debug] Rendering template "timeclock.html.ep" from DATA section
[Thu Jul  2 07:37:31 2015] [debug] 200 OK (0.014106s, 70.892/s)
[Thu Jul  2 07:37:34 2015] [debug] POST "/timeclock"
[Thu Jul  2 07:37:34 2015] [debug] Routing to a callback
[Thu Jul  2 07:37:34 2015] [error] DBD::Pg::st execute failed: ERROR:  permission denied for sequence timeclock_id_seq at /home/stefan/perl5/lib/perl5/Mojo/Pg/Database.pm line 82, <DATA> line 121.

[Thu Jul  2 07:37:34 2015] [debug] Template "exception.development.html.ep" not found
[Thu Jul  2 07:37:34 2015] [debug] Template "exception.html.ep" not found
[Thu Jul  2 07:37:34 2015] [debug] Rendering inline template "fd403ab55a4c875e35b42428816134c7"
[Thu Jul  2 07:37:34 2015] [debug] Rendering inline template "dd85456cf9f44e1e43bebae130a7f9df"
[Thu Jul  2 07:37:34 2015] [debug] 500 Internal Server Error (0.036974s, 27.046/s)
[Thu Jul  2 07:43:53 2015] [debug] Reading configuration file "/home/stefan/Dropbox/Projects/time_clock/time_clock.conf"
[Thu Jul  2 07:43:53 2015] [debug] Your secret passphrase needs to be changed
[Thu Jul  2 07:43:53 2015] [info] Listening at "http://*:3000"
[Thu Jul  2 07:43:58 2015] [debug] GET "/timeclock"
[Thu Jul  2 07:43:58 2015] [debug] Routing to a callback
[Thu Jul  2 07:43:58 2015] [debug] Rendering template "timeclock.html.ep" from DATA section
[Thu Jul  2 07:43:58 2015] [debug] 200 OK (0.008636s, 115.794/s)
[Thu Jul  2 07:44:01 2015] [debug] POST "/timeclock"
[Thu Jul  2 07:44:01 2015] [debug] Routing to a callback
[Thu Jul  2 07:44:01 2015] [error] DBD::Pg::st execute failed: ERROR:  permission denied for sequence timeclock_id_seq at /home/stefan/perl5/lib/perl5/Mojo/Pg/Database.pm line 82, <DATA> line 121.

[Thu Jul  2 07:44:01 2015] [debug] Template "exception.development.html.ep" not found
[Thu Jul  2 07:44:01 2015] [debug] Template "exception.html.ep" not found
[Thu Jul  2 07:44:01 2015] [debug] Rendering inline template "fd403ab55a4c875e35b42428816134c7"
[Thu Jul  2 07:44:01 2015] [debug] Rendering inline template "dd85456cf9f44e1e43bebae130a7f9df"
[Thu Jul  2 07:44:01 2015] [debug] 500 Internal Server Error (0.025167s, 39.735/s)
[Thu Jul  2 07:50:02 2015] [debug] Reading configuration file "/home/stefan/Dropbox/Projects/time_clock/time_clock.conf"
[Thu Jul  2 07:50:02 2015] [debug] Your secret passphrase needs to be changed
[Thu Jul  2 07:50:02 2015] [info] Listening at "http://*:3000"
[Thu Jul  2 07:50:06 2015] [debug] POST "/timeclock"
[Thu Jul  2 07:50:06 2015] [debug] Routing to a callback
[Thu Jul  2 07:50:06 2015] [debug] Rendering template "timeclock.html.ep" from DATA section
[Thu Jul  2 07:50:06 2015] [error] Global symbol "$user" requires explicit package name at template timeclock.html.ep from DATA section line 1, <DATA> line 121.
Global symbol "$timeclock" requires explicit package name at template timeclock.html.ep from DATA section line 3, <DATA> line 121.
1: Name: <%= $user->{first_name} %>
2: %= form_for timeclock => begin
3: % if ( my $status = $timeclock->status(session 'id') ) {
4:   <%= $status %><br />
5:   %= hidden_field clock => 'out'
6:   %= submit_button 'Clock out'

[Thu Jul  2 07:50:06 2015] [debug] Template "exception.development.html.ep" not found
[Thu Jul  2 07:50:06 2015] [debug] Template "exception.html.ep" not found
[Thu Jul  2 07:50:06 2015] [debug] Rendering inline template "fd403ab55a4c875e35b42428816134c7"
[Thu Jul  2 07:50:06 2015] [debug] Rendering inline template "dd85456cf9f44e1e43bebae130a7f9df"
[Thu Jul  2 07:50:06 2015] [debug] 500 Internal Server Error (0.101228s, 9.879/s)
[Thu Jul  2 07:50:34 2015] [debug] Reading configuration file "/home/stefan/Dropbox/Projects/time_clock/time_clock.conf"
[Thu Jul  2 07:50:34 2015] [debug] Your secret passphrase needs to be changed
[Thu Jul  2 07:50:34 2015] [info] Listening at "http://*:3000"
[Thu Jul  2 07:50:39 2015] [debug] POST "/timeclock"
[Thu Jul  2 07:50:39 2015] [debug] Routing to a callback
[Thu Jul  2 07:50:39 2015] [debug] Rendering template "timeclock.html.ep" from DATA section
[Thu Jul  2 07:50:39 2015] [error] Global symbol "$timeclock" requires explicit package name at template timeclock.html.ep from DATA section line 3, <DATA> line 122.
1: Name: <%= $user->{first_name} %>
2: %= form_for timeclock => begin
3: % if ( my $status = $timeclock->status(session 'id') ) {
4:   <%= $status %><br />
5:   %= hidden_field clock => 'out'
6:   %= submit_button 'Clock out'
7: % } else {
8:   Not active <br />

[Thu Jul  2 07:50:39 2015] [debug] Template "exception.development.html.ep" not found
[Thu Jul  2 07:50:39 2015] [debug] Template "exception.html.ep" not found
[Thu Jul  2 07:50:39 2015] [debug] Rendering inline template "fd403ab55a4c875e35b42428816134c7"
[Thu Jul  2 07:50:39 2015] [debug] Rendering inline template "dd85456cf9f44e1e43bebae130a7f9df"
[Thu Jul  2 07:50:39 2015] [debug] 500 Internal Server Error (0.063531s, 15.740/s)
[Thu Jul  2 07:51:42 2015] [debug] Reading configuration file "/home/stefan/Dropbox/Projects/time_clock/time_clock.conf"
[Thu Jul  2 07:51:42 2015] [debug] Your secret passphrase needs to be changed
[Thu Jul  2 07:51:42 2015] [info] Listening at "http://*:3000"
[Thu Jul  2 07:51:47 2015] [debug] POST "/timeclock"
[Thu Jul  2 07:51:47 2015] [debug] Routing to a callback
[Thu Jul  2 07:51:47 2015] [debug] Rendering template "timeclock.html.ep" from DATA section
[Thu Jul  2 07:51:47 2015] [debug] 200 OK (0.036144s, 27.667/s)
[Thu Jul  2 07:52:07 2015] [debug] GET "/timeclock"
[Thu Jul  2 07:52:07 2015] [debug] Routing to a callback
[Thu Jul  2 07:52:07 2015] [debug] Rendering cached template "timeclock.html.ep" from DATA section
[Thu Jul  2 07:52:07 2015] [debug] 200 OK (0.004740s, 210.970/s)
[Thu Jul  2 07:52:33 2015] [debug] Reading configuration file "/home/stefan/Dropbox/Projects/time_clock/time_clock.conf"
[Thu Jul  2 07:52:33 2015] [debug] Your secret passphrase needs to be changed
[Thu Jul  2 07:52:33 2015] [info] Listening at "http://*:3000"
[Thu Jul  2 07:52:36 2015] [debug] GET "/timeclock"
[Thu Jul  2 07:52:36 2015] [debug] Routing to a callback
[Thu Jul  2 07:52:36 2015] [debug] Rendering template "timeclock.html.ep" from DATA section
[Thu Jul  2 07:52:36 2015] [debug] 200 OK (0.014587s, 68.554/s)
[Thu Jul  2 07:52:37 2015] [debug] POST "/timeclock"
[Thu Jul  2 07:52:37 2015] [debug] Routing to a callback
[Thu Jul  2 07:52:37 2015] [debug] 302 Found (0.020563s, 48.631/s)
[Thu Jul  2 07:52:37 2015] [debug] GET "/timeclock"
[Thu Jul  2 07:52:37 2015] [debug] Routing to a callback
[Thu Jul  2 07:52:37 2015] [debug] Rendering cached template "timeclock.html.ep" from DATA section
[Thu Jul  2 07:52:37 2015] [debug] 200 OK (0.007179s, 139.295/s)
[Thu Jul  2 07:53:07 2015] [debug] POST "/timeclock"
[Thu Jul  2 07:53:07 2015] [debug] Routing to a callback
[Thu Jul  2 07:53:07 2015] [debug] 302 Found (0.025249s, 39.606/s)
[Thu Jul  2 07:53:07 2015] [debug] GET "/timeclock"
[Thu Jul  2 07:53:07 2015] [debug] Routing to a callback
[Thu Jul  2 07:53:07 2015] [debug] Rendering cached template "timeclock.html.ep" from DATA section
[Thu Jul  2 07:53:07 2015] [debug] 200 OK (0.006472s, 154.512/s)
[Thu Jul  2 07:56:31 2015] [debug] Reading configuration file "/home/stefan/Dropbox/Projects/time_clock/time_clock.conf"
[Thu Jul  2 07:56:31 2015] [debug] Your secret passphrase needs to be changed
[Thu Jul  2 07:56:31 2015] [info] Listening at "http://*:3000"
[Thu Jul  2 07:56:44 2015] [debug] GET "/timeclock"
[Thu Jul  2 07:56:44 2015] [debug] Routing to a callback
[Thu Jul  2 07:56:44 2015] [debug] Rendering template "timeclock.html.ep" from DATA section
[Thu Jul  2 07:56:44 2015] [debug] 200 OK (0.013103s, 76.318/s)
[Thu Jul  2 07:56:46 2015] [debug] POST "/timeclock"
[Thu Jul  2 07:56:46 2015] [debug] Routing to a callback
[Thu Jul  2 07:56:46 2015] [debug] 302 Found (0.014342s, 69.725/s)
[Thu Jul  2 07:56:46 2015] [debug] GET "/timeclock"
[Thu Jul  2 07:56:46 2015] [debug] Routing to a callback
[Thu Jul  2 07:56:46 2015] [debug] Rendering cached template "timeclock.html.ep" from DATA section
[Thu Jul  2 07:56:46 2015] [debug] 200 OK (0.006650s, 150.376/s)
[Thu Jul  2 07:56:52 2015] [debug] POST "/timeclock"
[Thu Jul  2 07:56:52 2015] [debug] Routing to a callback
[Thu Jul  2 07:56:52 2015] [debug] 302 Found (0.020078s, 49.806/s)
[Thu Jul  2 07:56:52 2015] [debug] GET "/timeclock"
[Thu Jul  2 07:56:52 2015] [debug] Routing to a callback
[Thu Jul  2 07:56:52 2015] [debug] Rendering cached template "timeclock.html.ep" from DATA section
[Thu Jul  2 07:56:52 2015] [debug] 200 OK (0.004179s, 239.292/s)
[Thu Jul  2 07:57:22 2015] [debug] GET "/timeclock"
[Thu Jul  2 07:57:22 2015] [debug] Routing to a callback
[Thu Jul  2 07:57:22 2015] [debug] Rendering cached template "timeclock.html.ep" from DATA section
[Thu Jul  2 07:57:22 2015] [debug] 200 OK (0.003091s, 323.520/s)
[Thu Jul  2 07:58:07 2015] [debug] Reading configuration file "/home/stefan/Dropbox/Projects/time_clock/time_clock.conf"
[Thu Jul  2 07:58:07 2015] [debug] Your secret passphrase needs to be changed
[Thu Jul  2 07:58:07 2015] [info] Listening at "http://*:3000"
[Thu Jul  2 08:09:20 2015] [debug] Reading configuration file "/home/stefan/Dropbox/Projects/time_clock/time_clock.conf"
[Thu Jul  2 08:09:20 2015] [debug] Your secret passphrase needs to be changed
[Thu Jul  2 08:09:20 2015] [info] Listening at "http://*:3000"
[Thu Jul  2 08:09:25 2015] [debug] GET "/admin"
[Thu Jul  2 08:09:25 2015] [debug] Routing to a callback
[Thu Jul  2 08:09:25 2015] [debug] Rendering template "admin.html.ep" from DATA section
[Thu Jul  2 08:09:25 2015] [error] Can't locate object method "users" via package "TimeClock::Model::Timeclock" at template admin.html.ep from DATA section line 1, <DATA> line 135.
1: % foreach my $user ( $timeclock->users ) {
2:   % my $status = $timeclock->status($user);
3:   Name: <%= $timeclock->user($user) %><br />
4:   Status: <%= $status ? "Activce since $status" : 'Not active' %><hr />
5: % }

[Thu Jul  2 08:09:25 2015] [debug] Template "exception.development.html.ep" not found
[Thu Jul  2 08:09:25 2015] [debug] Template "exception.html.ep" not found
[Thu Jul  2 08:09:25 2015] [debug] Rendering inline template "fd403ab55a4c875e35b42428816134c7"
[Thu Jul  2 08:09:25 2015] [debug] Rendering inline template "dd85456cf9f44e1e43bebae130a7f9df"
[Thu Jul  2 08:09:25 2015] [debug] 500 Internal Server Error (0.031253s, 31.997/s)
[Thu Jul  2 08:11:20 2015] [debug] Reading configuration file "/home/stefan/Dropbox/Projects/time_clock/time_clock.conf"
[Thu Jul  2 08:11:20 2015] [debug] Your secret passphrase needs to be changed
[Thu Jul  2 08:11:21 2015] [info] Listening at "http://*:3000"
[Thu Jul  2 08:11:24 2015] [debug] GET "/admin"
[Thu Jul  2 08:11:24 2015] [debug] Routing to a callback
[Thu Jul  2 08:11:24 2015] [debug] Rendering template "admin.html.ep" from DATA section
[Thu Jul  2 08:11:24 2015] [error] Cannot bind a reference
77: 
78:   my %attrs;
79:   $attrs{pg_placeholder_dollaronly} = 1        if delete $self->{dollar_only};
80:   $attrs{pg_async}                  = PG_ASYNC if $cb;
81:   my $sth = $self->dbh->prepare_cached($query, \%attrs, 3);
82:   $sth->execute(map { _json($_) ? to_json $_->{json} : $_ } @_);
83: 
84:   # Blocking
85:   unless ($cb) {
86:     $self->_notifications;
87:     return Mojo::Pg::Results->new(sth => $sth);

[Thu Jul  2 08:11:24 2015] [debug] Template "exception.development.html.ep" not found
[Thu Jul  2 08:11:24 2015] [debug] Template "exception.html.ep" not found
[Thu Jul  2 08:11:24 2015] [debug] Rendering inline template "fd403ab55a4c875e35b42428816134c7"
[Thu Jul  2 08:11:24 2015] [debug] Rendering inline template "dd85456cf9f44e1e43bebae130a7f9df"
[Thu Jul  2 08:11:24 2015] [debug] 500 Internal Server Error (0.052662s, 18.989/s)
[Thu Jul  2 08:12:04 2015] [debug] Reading configuration file "/home/stefan/Dropbox/Projects/time_clock/time_clock.conf"
[Thu Jul  2 08:12:04 2015] [debug] Your secret passphrase needs to be changed
[Thu Jul  2 08:12:04 2015] [info] Listening at "http://*:3000"
[Thu Jul  2 08:12:07 2015] [debug] GET "/admin"
[Thu Jul  2 08:12:07 2015] [debug] Routing to a callback
[Thu Jul  2 08:12:07 2015] [debug] Rendering template "admin.html.ep" from DATA section
[Thu Jul  2 08:12:07 2015] [error] Arrays must contain only scalars and other arrays at /home/stefan/perl5/lib/perl5/Mojo/Pg/Database.pm line 82, <DATA> line 135.
77: 
78:   my %attrs;
79:   $attrs{pg_placeholder_dollaronly} = 1        if delete $self->{dollar_only};
80:   $attrs{pg_async}                  = PG_ASYNC if $cb;
81:   my $sth = $self->dbh->prepare_cached($query, \%attrs, 3);
82:   $sth->execute(map { _json($_) ? to_json $_->{json} : $_ } @_);
83: 
84:   # Blocking
85:   unless ($cb) {
86:     $self->_notifications;
87:     return Mojo::Pg::Results->new(sth => $sth);

[Thu Jul  2 08:12:07 2015] [debug] Template "exception.development.html.ep" not found
[Thu Jul  2 08:12:07 2015] [debug] Template "exception.html.ep" not found
[Thu Jul  2 08:12:07 2015] [debug] Rendering inline template "fd403ab55a4c875e35b42428816134c7"
[Thu Jul  2 08:12:07 2015] [debug] Rendering inline template "dd85456cf9f44e1e43bebae130a7f9df"
[Thu Jul  2 08:12:07 2015] [debug] 500 Internal Server Error (0.041018s, 24.380/s)
[Thu Jul  2 08:14:34 2015] [debug] Reading configuration file "/home/stefan/Dropbox/Projects/time_clock/time_clock.conf"
[Thu Jul  2 08:14:34 2015] [debug] Your secret passphrase needs to be changed
[Thu Jul  2 08:14:34 2015] [info] Listening at "http://*:3000"
[Thu Jul  2 08:14:37 2015] [debug] GET "/admin"
[Thu Jul  2 08:14:37 2015] [debug] Routing to a callback
[Thu Jul  2 08:14:37 2015] [debug] Rendering template "admin.html.ep" from DATA section
[Thu Jul  2 08:14:37 2015] [error] Arrays must contain only scalars and other arrays at /home/stefan/perl5/lib/perl5/Mojo/Pg/Database.pm line 82, <DATA> line 135.
77: 
78:   my %attrs;
79:   $attrs{pg_placeholder_dollaronly} = 1        if delete $self->{dollar_only};
80:   $attrs{pg_async}                  = PG_ASYNC if $cb;
81:   my $sth = $self->dbh->prepare_cached($query, \%attrs, 3);
82:   $sth->execute(map { _json($_) ? to_json $_->{json} : $_ } @_);
83: 
84:   # Blocking
85:   unless ($cb) {
86:     $self->_notifications;
87:     return Mojo::Pg::Results->new(sth => $sth);

[Thu Jul  2 08:14:37 2015] [debug] Template "exception.development.html.ep" not found
[Thu Jul  2 08:14:37 2015] [debug] Template "exception.html.ep" not found
[Thu Jul  2 08:14:37 2015] [debug] Rendering inline template "fd403ab55a4c875e35b42428816134c7"
[Thu Jul  2 08:14:37 2015] [debug] Rendering inline template "dd85456cf9f44e1e43bebae130a7f9df"
[Thu Jul  2 08:14:37 2015] [debug] 500 Internal Server Error (0.044393s, 22.526/s)
[Thu Jul  2 08:15:47 2015] [debug] Reading configuration file "/home/stefan/Dropbox/Projects/time_clock/time_clock.conf"
[Thu Jul  2 08:15:47 2015] [debug] Your secret passphrase needs to be changed
[Thu Jul  2 08:15:47 2015] [info] Listening at "http://*:3000"
[Thu Jul  2 08:15:49 2015] [debug] GET "/admin"
[Thu Jul  2 08:15:49 2015] [debug] Routing to a callback
[Thu Jul  2 08:15:49 2015] [debug] Rendering template "admin.html.ep" from DATA section
[Thu Jul  2 08:15:49 2015] [error] Cannot bind a reference
77: 
78:   my %attrs;
79:   $attrs{pg_placeholder_dollaronly} = 1        if delete $self->{dollar_only};
80:   $attrs{pg_async}                  = PG_ASYNC if $cb;
81:   my $sth = $self->dbh->prepare_cached($query, \%attrs, 3);
82:   $sth->execute(map { _json($_) ? to_json $_->{json} : $_ } @_);
83: 
84:   # Blocking
85:   unless ($cb) {
86:     $self->_notifications;
87:     return Mojo::Pg::Results->new(sth => $sth);

[Thu Jul  2 08:15:49 2015] [debug] Template "exception.development.html.ep" not found
[Thu Jul  2 08:15:49 2015] [debug] Template "exception.html.ep" not found
[Thu Jul  2 08:15:49 2015] [debug] Rendering inline template "fd403ab55a4c875e35b42428816134c7"
[Thu Jul  2 08:15:49 2015] [debug] Rendering inline template "dd85456cf9f44e1e43bebae130a7f9df"
[Thu Jul  2 08:15:49 2015] [debug] 500 Internal Server Error (0.039356s, 25.409/s)
[Thu Jul  2 08:16:10 2015] [debug] Reading configuration file "/home/stefan/Dropbox/Projects/time_clock/time_clock.conf"
[Thu Jul  2 08:16:10 2015] [debug] Your secret passphrase needs to be changed
[Thu Jul  2 08:16:10 2015] [info] Listening at "http://*:3000"
[Thu Jul  2 08:16:12 2015] [debug] GET "/admin"
[Thu Jul  2 08:16:12 2015] [debug] Routing to a callback
[Thu Jul  2 08:16:12 2015] [debug] Rendering template "admin.html.ep" from DATA section
[Thu Jul  2 08:16:12 2015] [error] Cannot bind a reference
77: 
78:   my %attrs;
79:   $attrs{pg_placeholder_dollaronly} = 1        if delete $self->{dollar_only};
80:   $attrs{pg_async}                  = PG_ASYNC if $cb;
81:   my $sth = $self->dbh->prepare_cached($query, \%attrs, 3);
82:   $sth->execute(map { _json($_) ? to_json $_->{json} : $_ } @_);
83: 
84:   # Blocking
85:   unless ($cb) {
86:     $self->_notifications;
87:     return Mojo::Pg::Results->new(sth => $sth);

[Thu Jul  2 08:16:12 2015] [debug] Template "exception.development.html.ep" not found
[Thu Jul  2 08:16:12 2015] [debug] Template "exception.html.ep" not found
[Thu Jul  2 08:16:12 2015] [debug] Rendering inline template "fd403ab55a4c875e35b42428816134c7"
[Thu Jul  2 08:16:12 2015] [debug] Rendering inline template "dd85456cf9f44e1e43bebae130a7f9df"
[Thu Jul  2 08:16:12 2015] [debug] 500 Internal Server Error (0.047206s, 21.184/s)
[Thu Jul  2 08:17:26 2015] [debug] Reading configuration file "/home/stefan/Dropbox/Projects/time_clock/time_clock.conf"
[Thu Jul  2 08:17:26 2015] [debug] Your secret passphrase needs to be changed
[Thu Jul  2 08:17:26 2015] [info] Listening at "http://*:3000"
[Thu Jul  2 08:17:28 2015] [debug] GET "/admin"
[Thu Jul  2 08:17:28 2015] [debug] Routing to a callback
[Thu Jul  2 08:17:28 2015] [debug] Rendering template "admin.html.ep" from DATA section
[Thu Jul  2 08:17:28 2015] [debug] 200 OK (0.018972s, 52.709/s)
[Thu Jul  2 08:17:57 2015] [debug] Reading configuration file "/home/stefan/Dropbox/Projects/time_clock/time_clock.conf"
[Thu Jul  2 08:17:57 2015] [debug] Your secret passphrase needs to be changed
[Thu Jul  2 08:17:57 2015] [info] Listening at "http://*:3000"
[Thu Jul  2 08:17:59 2015] [debug] GET "/admin"
[Thu Jul  2 08:17:59 2015] [debug] Routing to a callback
[Thu Jul  2 08:17:59 2015] [debug] Rendering template "admin.html.ep" from DATA section
[Thu Jul  2 08:17:59 2015] [debug] 200 OK (0.019524s, 51.219/s)
[Thu Jul  2 08:18:05 2015] [debug] GET "/"
[Thu Jul  2 08:18:05 2015] [debug] Routing to a callback
[Thu Jul  2 08:18:05 2015] [debug] 302 Found (0.001094s, 914.077/s)
[Thu Jul  2 08:18:05 2015] [debug] GET "/timeclock"
[Thu Jul  2 08:18:05 2015] [debug] Routing to a callback
[Thu Jul  2 08:18:05 2015] [debug] Rendering template "timeclock.html.ep" from DATA section
[Thu Jul  2 08:18:05 2015] [debug] 200 OK (0.009818s, 101.854/s)
[Thu Jul  2 08:18:06 2015] [debug] POST "/timeclock"
[Thu Jul  2 08:18:06 2015] [debug] Routing to a callback
[Thu Jul  2 08:18:09 2015] [debug] 302 Found (2.540982s, 0.394/s)
[Thu Jul  2 08:18:09 2015] [debug] GET "/timeclock"
[Thu Jul  2 08:18:09 2015] [debug] Routing to a callback
[Thu Jul  2 08:18:09 2015] [debug] Rendering cached template "timeclock.html.ep" from DATA section
[Thu Jul  2 08:18:09 2015] [debug] 200 OK (0.006056s, 165.125/s)
[Thu Jul  2 08:18:12 2015] [debug] GET "/admin"
[Thu Jul  2 08:18:12 2015] [debug] Routing to a callback
[Thu Jul  2 08:18:12 2015] [debug] Rendering cached template "admin.html.ep" from DATA section
[Thu Jul  2 08:18:12 2015] [debug] 200 OK (0.003153s, 317.158/s)
[Thu Jul  2 08:18:56 2015] [debug] GET "/admin"
[Thu Jul  2 08:18:56 2015] [debug] Routing to a callback
[Thu Jul  2 08:18:56 2015] [debug] Rendering cached template "admin.html.ep" from DATA section
[Thu Jul  2 08:18:56 2015] [debug] 200 OK (0.004104s, 243.665/s)
[Thu Jul  2 08:48:56 2015] [debug] Reading configuration file "/home/stefan/Dropbox/Projects/time_clock/time_clock.conf"
[Thu Jul  2 08:48:56 2015] [debug] Your secret passphrase needs to be changed
[Thu Jul  2 08:48:56 2015] [info] Listening at "http://*:3000"
[Thu Jul  2 08:52:44 2015] [debug] Reading configuration file "/home/stefan/Dropbox/Projects/time_clock/time_clock.conf"
[Thu Jul  2 08:52:44 2015] [debug] Your secret passphrase needs to be changed
[Thu Jul  2 08:52:44 2015] [info] Listening at "http://*:3000"
[Thu Jul  2 08:52:49 2015] [debug] GET "/timeclock"
[Thu Jul  2 08:52:49 2015] [debug] Routing to a callback
[Thu Jul  2 08:52:49 2015] [debug] Rendering template "timeclock.html.ep" from DATA section
[Thu Jul  2 08:52:49 2015] [error] DBD::Pg::st execute failed: ERROR:  permission denied for relation timeclock at /home/stefan/perl5/lib/perl5/Mojo/Pg/Database.pm line 82, <DATA> line 154.
77: 
78:   my %attrs;
79:   $attrs{pg_placeholder_dollaronly} = 1        if delete $self->{dollar_only};
80:   $attrs{pg_async}                  = PG_ASYNC if $cb;
81:   my $sth = $self->dbh->prepare_cached($query, \%attrs, 3);
82:   $sth->execute(map { _json($_) ? to_json $_->{json} : $_ } @_);
83: 
84:   # Blocking
85:   unless ($cb) {
86:     $self->_notifications;
87:     return Mojo::Pg::Results->new(sth => $sth);

[Thu Jul  2 08:52:49 2015] [debug] Template "exception.development.html.ep" not found
[Thu Jul  2 08:52:49 2015] [debug] Template "exception.html.ep" not found
[Thu Jul  2 08:52:49 2015] [debug] Rendering inline template "fd403ab55a4c875e35b42428816134c7"
[Thu Jul  2 08:52:49 2015] [debug] Rendering inline template "dd85456cf9f44e1e43bebae130a7f9df"
[Thu Jul  2 08:52:49 2015] [debug] 500 Internal Server Error (0.039218s, 25.498/s)
[Thu Jul  2 08:53:28 2015] [debug] GET "/timeclock"
[Thu Jul  2 08:53:28 2015] [debug] Routing to a callback
[Thu Jul  2 08:53:28 2015] [debug] Rendering cached template "timeclock.html.ep" from DATA section
[Thu Jul  2 08:53:28 2015] [debug] 200 OK (0.003855s, 259.403/s)
[Thu Jul  2 09:26:48 2015] [debug] Reading configuration file "/home/stefan/Dropbox/Projects/time_clock/time_clock.conf"
[Thu Jul  2 09:26:48 2015] [debug] Your secret passphrase needs to be changed
[Thu Jul  2 09:26:48 2015] [info] Listening at "http://*:3000"
[Thu Jul  2 09:26:58 2015] [debug] GET "/timeclock"
[Thu Jul  2 09:26:58 2015] [debug] Routing to a callback
[Thu Jul  2 09:26:58 2015] [debug] Rendering template "timeclock.html.ep" from DATA section
[Thu Jul  2 09:26:58 2015] [debug] 200 OK (0.012839s, 77.888/s)
[Thu Jul  2 09:27:18 2015] [debug] GET "/timeclock"
[Thu Jul  2 09:27:18 2015] [debug] Routing to a callback
[Thu Jul  2 09:27:18 2015] [debug] Rendering cached template "timeclock.html.ep" from DATA section
[Thu Jul  2 09:27:18 2015] [debug] 200 OK (0.005603s, 178.476/s)
[Thu Jul  2 09:31:04 2015] [debug] Reading configuration file "/home/stefan/Dropbox/Projects/time_clock/time_clock.conf"
[Thu Jul  2 09:31:04 2015] [debug] Your secret passphrase needs to be changed
[Thu Jul  2 09:31:04 2015] [info] Listening at "http://*:3000"
[Thu Jul  2 09:31:07 2015] [debug] GET "/timeclock"
[Thu Jul  2 09:31:07 2015] [debug] Routing to a callback
[Thu Jul  2 09:31:07 2015] [debug] Rendering template "timeclock.html.ep" from DATA section
[Thu Jul  2 09:31:07 2015] [debug] 200 OK (0.011709s, 85.404/s)
[Thu Jul  2 09:45:32 2015] [debug] Reading configuration file "/home/stefan/Dropbox/Projects/time_clock/time_clock.conf"
[Thu Jul  2 09:45:32 2015] [debug] Your secret passphrase needs to be changed
[Thu Jul  2 09:45:32 2015] [info] Listening at "http://*:3000"
[Thu Jul  2 09:45:36 2015] [debug] GET "/timeclock"
[Thu Jul  2 09:45:36 2015] [debug] Routing to a callback
[Thu Jul  2 09:45:36 2015] [debug] Rendering template "timeclock.html.ep" from DATA section
[Thu Jul  2 09:45:36 2015] [debug] 200 OK (0.010439s, 95.795/s)
[Thu Jul  2 09:46:11 2015] [debug] Reading configuration file "/home/stefan/Dropbox/Projects/time_clock/time_clock.conf"
[Thu Jul  2 09:46:11 2015] [debug] Your secret passphrase needs to be changed
[Thu Jul  2 09:46:11 2015] [info] Listening at "http://*:3000"
[Thu Jul  2 09:46:15 2015] [debug] GET "/timeclock"
[Thu Jul  2 09:46:15 2015] [debug] Routing to a callback
[Thu Jul  2 09:46:15 2015] [debug] Rendering template "timeclock.html.ep" from DATA section
[Thu Jul  2 09:46:15 2015] [debug] 200 OK (0.010964s, 91.208/s)
[Thu Jul  2 09:48:01 2015] [debug] Reading configuration file "/home/stefan/Dropbox/Projects/time_clock/time_clock.conf"
[Thu Jul  2 09:48:01 2015] [debug] Your secret passphrase needs to be changed
[Thu Jul  2 09:48:01 2015] [info] Listening at "http://*:3000"
[Thu Jul  2 09:48:03 2015] [debug] GET "/timeclock"
[Thu Jul  2 09:48:03 2015] [debug] Routing to a callback
[Thu Jul  2 09:48:03 2015] [debug] Rendering template "timeclock.html.ep" from DATA section
[Thu Jul  2 09:48:03 2015] [debug] 200 OK (0.009216s, 108.507/s)
[Thu Jul  2 09:49:34 2015] [debug] Reading configuration file "/home/stefan/Dropbox/Projects/time_clock/time_clock.conf"
[Thu Jul  2 09:49:34 2015] [debug] Your secret passphrase needs to be changed
[Thu Jul  2 09:49:34 2015] [info] Listening at "http://*:3000"
[Thu Jul  2 09:49:37 2015] [debug] GET "/timeclock"
[Thu Jul  2 09:49:37 2015] [debug] Routing to a callback
[Thu Jul  2 09:49:37 2015] [debug] Rendering template "timeclock.html.ep" from DATA section
[Thu Jul  2 09:49:37 2015] [debug] 200 OK (0.011877s, 84.196/s)
[Thu Jul  2 09:50:50 2015] [debug] Reading configuration file "/home/stefan/Dropbox/Projects/time_clock/time_clock.conf"
[Thu Jul  2 09:50:50 2015] [debug] Your secret passphrase needs to be changed
[Thu Jul  2 09:50:50 2015] [info] Listening at "http://*:3000"
[Thu Jul  2 09:50:54 2015] [debug] GET "/timeclock"
[Thu Jul  2 09:50:54 2015] [debug] Routing to a callback
[Thu Jul  2 09:50:54 2015] [debug] Rendering template "timeclock.html.ep" from DATA section
[Thu Jul  2 09:50:54 2015] [debug] 200 OK (0.016272s, 61.455/s)
[Thu Jul  2 09:51:02 2015] [debug] POST "/timeclock"
[Thu Jul  2 09:51:02 2015] [debug] Routing to a callback
[Thu Jul  2 09:51:02 2015] [debug] 302 Found (0.049964s, 20.014/s)
[Thu Jul  2 09:51:02 2015] [debug] GET "/timeclock"
[Thu Jul  2 09:51:02 2015] [debug] Routing to a callback
[Thu Jul  2 09:51:02 2015] [debug] Rendering cached template "timeclock.html.ep" from DATA section
[Thu Jul  2 09:51:02 2015] [debug] 200 OK (0.006603s, 151.446/s)
[Thu Jul  2 09:51:20 2015] [debug] POST "/timeclock"
[Thu Jul  2 09:51:20 2015] [debug] Routing to a callback
[Thu Jul  2 09:51:20 2015] [debug] 302 Found (0.016836s, 59.397/s)
[Thu Jul  2 09:51:20 2015] [debug] GET "/timeclock"
[Thu Jul  2 09:51:20 2015] [debug] Routing to a callback
[Thu Jul  2 09:51:20 2015] [debug] Rendering cached template "timeclock.html.ep" from DATA section
[Thu Jul  2 09:51:20 2015] [debug] 200 OK (0.004714s, 212.134/s)
[Thu Jul  2 09:51:59 2015] [debug] POST "/timeclock"
[Thu Jul  2 09:51:59 2015] [debug] Routing to a callback
[Thu Jul  2 09:51:59 2015] [debug] 302 Found (0.002124s, 470.810/s)
[Thu Jul  2 09:51:59 2015] [debug] GET "/timeclock"
[Thu Jul  2 09:51:59 2015] [debug] Routing to a callback
[Thu Jul  2 09:51:59 2015] [debug] Rendering cached template "timeclock.html.ep" from DATA section
[Thu Jul  2 09:51:59 2015] [debug] 200 OK (0.004167s, 239.981/s)
[Thu Jul  2 09:52:49 2015] [debug] Reading configuration file "/home/stefan/Dropbox/Projects/time_clock/time_clock.conf"
[Thu Jul  2 09:52:49 2015] [debug] Your secret passphrase needs to be changed
[Thu Jul  2 09:52:49 2015] [info] Listening at "http://*:3000"
[Thu Jul  2 09:52:52 2015] [debug] POST "/timeclock"
[Thu Jul  2 09:52:52 2015] [debug] Routing to a callback
[Thu Jul  2 09:52:52 2015] [debug] 302 Found (0.005295s, 188.857/s)
[Thu Jul  2 09:52:52 2015] [debug] GET "/timeclock"
[Thu Jul  2 09:52:52 2015] [debug] Routing to a callback
[Thu Jul  2 09:52:52 2015] [debug] Rendering template "timeclock.html.ep" from DATA section
[Thu Jul  2 09:52:52 2015] [debug] 200 OK (0.012687s, 78.821/s)
[Thu Jul  2 09:54:14 2015] [debug] Reading configuration file "/home/stefan/Dropbox/Projects/time_clock/time_clock.conf"
[Thu Jul  2 09:54:14 2015] [debug] Your secret passphrase needs to be changed
[Thu Jul  2 09:54:14 2015] [info] Listening at "http://*:3000"
[Thu Jul  2 09:54:17 2015] [debug] POST "/timeclock"
[Thu Jul  2 09:54:17 2015] [debug] Routing to a callback
[Thu Jul  2 09:54:17 2015] [debug] 302 Found (0.005293s, 188.929/s)
[Thu Jul  2 09:54:17 2015] [debug] GET "/timeclock"
[Thu Jul  2 09:54:17 2015] [debug] Routing to a callback
[Thu Jul  2 09:54:17 2015] [debug] Rendering template "timeclock.html.ep" from DATA section
[Thu Jul  2 09:54:17 2015] [debug] 200 OK (0.012857s, 77.779/s)
[Thu Jul  2 09:54:30 2015] [debug] Reading configuration file "/home/stefan/Dropbox/Projects/time_clock/time_clock.conf"
[Thu Jul  2 09:54:30 2015] [debug] Your secret passphrase needs to be changed
[Thu Jul  2 09:54:30 2015] [info] Listening at "http://*:3000"
[Thu Jul  2 09:54:32 2015] [debug] POST "/timeclock"
[Thu Jul  2 09:54:32 2015] [debug] Routing to a callback
[Thu Jul  2 09:54:32 2015] [debug] 302 Found (0.007947s, 125.834/s)
[Thu Jul  2 09:54:32 2015] [debug] GET "/timeclock"
[Thu Jul  2 09:54:32 2015] [debug] Routing to a callback
[Thu Jul  2 09:54:32 2015] [debug] Rendering template "timeclock.html.ep" from DATA section
[Thu Jul  2 09:54:32 2015] [debug] 200 OK (0.014504s, 68.946/s)
[Thu Jul  2 09:55:52 2015] [debug] Reading configuration file "/home/stefan/Dropbox/Projects/time_clock/time_clock.conf"
[Thu Jul  2 09:55:52 2015] [debug] Your secret passphrase needs to be changed
[Thu Jul  2 09:55:52 2015] [info] Listening at "http://*:3000"
[Thu Jul  2 09:55:54 2015] [debug] POST "/timeclock"
[Thu Jul  2 09:55:54 2015] [debug] Routing to a callback
[Thu Jul  2 09:55:54 2015] [debug] 302 Found (0.023761s, 42.086/s)
[Thu Jul  2 09:55:54 2015] [debug] GET "/timeclock"
[Thu Jul  2 09:55:54 2015] [debug] Routing to a callback
[Thu Jul  2 09:55:54 2015] [debug] Rendering template "timeclock.html.ep" from DATA section
[Thu Jul  2 09:55:54 2015] [debug] 200 OK (0.011230s, 89.047/s)
[Thu Jul  2 09:57:48 2015] [debug] Reading configuration file "/home/stefan/Dropbox/Projects/time_clock/time_clock.conf"
[Thu Jul  2 09:57:48 2015] [debug] Your secret passphrase needs to be changed
[Thu Jul  2 09:57:48 2015] [info] Listening at "http://*:3000"
[Thu Jul  2 09:57:48 2015] [debug] GET "/timeclock"
[Thu Jul  2 09:57:48 2015] [debug] Routing to a callback
[Thu Jul  2 09:57:48 2015] [debug] Rendering template "timeclock.html.ep" from DATA section
[Thu Jul  2 09:57:48 2015] [debug] 200 OK (0.014867s, 67.263/s)
[Thu Jul  2 09:57:52 2015] [debug] GET "/timeclock"
[Thu Jul  2 09:57:52 2015] [debug] Routing to a callback
[Thu Jul  2 09:57:52 2015] [debug] Rendering cached template "timeclock.html.ep" from DATA section
[Thu Jul  2 09:57:52 2015] [debug] 200 OK (0.003227s, 309.885/s)
[Thu Jul  2 09:57:55 2015] [debug] GET "/timeclock"
[Thu Jul  2 09:57:55 2015] [debug] Routing to a callback
[Thu Jul  2 09:57:55 2015] [debug] Rendering cached template "timeclock.html.ep" from DATA section
[Thu Jul  2 09:57:55 2015] [debug] 200 OK (0.003431s, 291.460/s)
[Thu Jul  2 09:57:57 2015] [debug] GET "/timeclock"
[Thu Jul  2 09:57:57 2015] [debug] Routing to a callback
[Thu Jul  2 09:57:57 2015] [debug] Rendering cached template "timeclock.html.ep" from DATA section
[Thu Jul  2 09:57:57 2015] [debug] 200 OK (0.002849s, 351.000/s)
[Thu Jul  2 10:05:21 2015] [debug] Reading configuration file "/home/stefan/Dropbox/Projects/time_clock/time_clock.conf"
[Thu Jul  2 10:05:21 2015] [debug] Your secret passphrase needs to be changed
[Thu Jul  2 10:05:21 2015] [info] Listening at "http://*:3000"
[Thu Jul  2 10:05:26 2015] [debug] GET "/timeclock"
[Thu Jul  2 10:05:26 2015] [debug] Routing to a callback
[Thu Jul  2 10:05:26 2015] [debug] Rendering template "timeclock.html.ep" from DATA section
[Thu Jul  2 10:05:26 2015] [debug] 200 OK (0.012522s, 79.859/s)
[Thu Jul  2 10:05:28 2015] [debug] GET "/timeclock"
[Thu Jul  2 10:05:28 2015] [debug] Routing to a callback
[Thu Jul  2 10:05:28 2015] [debug] Rendering cached template "timeclock.html.ep" from DATA section
[Thu Jul  2 10:05:28 2015] [debug] 200 OK (0.003492s, 286.369/s)
[Thu Jul  2 10:05:43 2015] [debug] Reading configuration file "/home/stefan/Dropbox/Projects/time_clock/time_clock.conf"
[Thu Jul  2 10:05:43 2015] [debug] Your secret passphrase needs to be changed
[Thu Jul  2 10:05:44 2015] [info] Listening at "http://*:3000"
[Thu Jul  2 10:05:47 2015] [debug] GET "/timeclock"
[Thu Jul  2 10:05:47 2015] [debug] Routing to a callback
[Thu Jul  2 10:05:47 2015] [debug] Rendering template "timeclock.html.ep" from DATA section
[Thu Jul  2 10:05:47 2015] [debug] 200 OK (0.014237s, 70.240/s)
[Thu Jul  2 10:05:49 2015] [debug] GET "/timeclock"
[Thu Jul  2 10:05:49 2015] [debug] Routing to a callback
[Thu Jul  2 10:05:49 2015] [debug] Rendering cached template "timeclock.html.ep" from DATA section
[Thu Jul  2 10:05:49 2015] [debug] 200 OK (0.003697s, 270.490/s)
[Thu Jul  2 10:07:52 2015] [debug] Reading configuration file "/home/stefan/Dropbox/Projects/time_clock/time_clock.conf"
[Thu Jul  2 10:07:52 2015] [debug] Your secret passphrase needs to be changed
[Thu Jul  2 10:07:52 2015] [info] Listening at "http://*:3000"
[Thu Jul  2 10:07:58 2015] [debug] GET "/timeclock"
[Thu Jul  2 10:07:58 2015] [debug] Routing to a callback
[Thu Jul  2 10:07:58 2015] [debug] Rendering template "timeclock.html.ep" from DATA section
[Thu Jul  2 10:07:58 2015] [debug] 200 OK (0.011184s, 89.413/s)
[Thu Jul  2 10:08:01 2015] [debug] GET "/timeclock"
[Thu Jul  2 10:08:01 2015] [debug] Routing to a callback
[Thu Jul  2 10:08:01 2015] [debug] Rendering cached template "timeclock.html.ep" from DATA section
[Thu Jul  2 10:08:01 2015] [debug] 200 OK (0.004126s, 242.365/s)
[Thu Jul  2 10:08:04 2015] [debug] GET "/timeclock"
[Thu Jul  2 10:08:04 2015] [debug] Routing to a callback
[Thu Jul  2 10:08:04 2015] [debug] Rendering cached template "timeclock.html.ep" from DATA section
[Thu Jul  2 10:08:04 2015] [debug] 200 OK (0.003151s, 317.360/s)
[Thu Jul  2 10:08:07 2015] [debug] GET "/timeclock"
[Thu Jul  2 10:08:07 2015] [debug] Routing to a callback
[Thu Jul  2 10:08:07 2015] [debug] Rendering cached template "timeclock.html.ep" from DATA section
[Thu Jul  2 10:08:07 2015] [debug] 200 OK (0.003058s, 327.011/s)
[Thu Jul  2 10:08:13 2015] [debug] GET "/timeclock"
[Thu Jul  2 10:08:13 2015] [debug] Routing to a callback
[Thu Jul  2 10:08:13 2015] [debug] Rendering cached template "timeclock.html.ep" from DATA section
[Thu Jul  2 10:08:13 2015] [debug] 200 OK (0.003802s, 263.019/s)
[Thu Jul  2 10:08:18 2015] [debug] GET "/timeclock"
[Thu Jul  2 10:08:18 2015] [debug] Routing to a callback
[Thu Jul  2 10:08:18 2015] [debug] Rendering cached template "timeclock.html.ep" from DATA section
[Thu Jul  2 10:08:18 2015] [debug] 200 OK (0.002554s, 391.543/s)
[Thu Jul  2 10:08:23 2015] [debug] GET "/timeclock"
[Thu Jul  2 10:08:23 2015] [debug] Routing to a callback
[Thu Jul  2 10:08:23 2015] [debug] Rendering cached template "timeclock.html.ep" from DATA section
[Thu Jul  2 10:08:23 2015] [debug] 200 OK (0.038226s, 26.160/s)
[Thu Jul  2 10:08:27 2015] [debug] GET "/timeclock"
[Thu Jul  2 10:08:27 2015] [debug] Routing to a callback
[Thu Jul  2 10:08:27 2015] [debug] Rendering cached template "timeclock.html.ep" from DATA section
[Thu Jul  2 10:08:27 2015] [debug] 200 OK (0.005429s, 184.196/s)
[Thu Jul  2 10:08:35 2015] [debug] GET "/timeclock"
[Thu Jul  2 10:08:35 2015] [debug] Routing to a callback
[Thu Jul  2 10:08:35 2015] [debug] Rendering cached template "timeclock.html.ep" from DATA section
[Thu Jul  2 10:08:35 2015] [debug] 200 OK (0.005253s, 190.367/s)
[Thu Jul  2 10:08:38 2015] [debug] GET "/timeclock"
[Thu Jul  2 10:08:38 2015] [debug] Routing to a callback
[Thu Jul  2 10:08:38 2015] [debug] Rendering cached template "timeclock.html.ep" from DATA section
[Thu Jul  2 10:08:38 2015] [debug] 200 OK (0.002409s, 415.110/s)
[Thu Jul  2 10:08:41 2015] [debug] GET "/timeclock"
[Thu Jul  2 10:08:41 2015] [debug] Routing to a callback
[Thu Jul  2 10:08:41 2015] [debug] Rendering cached template "timeclock.html.ep" from DATA section
[Thu Jul  2 10:08:41 2015] [debug] 200 OK (0.002604s, 384.025/s)
[Thu Jul  2 10:08:47 2015] [debug] GET "/timeclock"
[Thu Jul  2 10:08:47 2015] [debug] Routing to a callback
[Thu Jul  2 10:08:47 2015] [debug] Rendering cached template "timeclock.html.ep" from DATA section
[Thu Jul  2 10:08:47 2015] [debug] 200 OK (0.002289s, 436.872/s)
[Thu Jul  2 10:09:32 2015] [debug] GET "/timeclock"
[Thu Jul  2 10:09:32 2015] [debug] Routing to a callback
[Thu Jul  2 10:09:32 2015] [debug] Rendering cached template "timeclock.html.ep" from DATA section
[Thu Jul  2 10:09:32 2015] [debug] 200 OK (0.002241s, 446.229/s)
[Thu Jul  2 10:11:33 2015] [debug] Reading configuration file "/home/stefan/Dropbox/Projects/time_clock/time_clock.conf"
[Thu Jul  2 10:11:33 2015] [debug] Your secret passphrase needs to be changed
[Thu Jul  2 10:11:33 2015] [info] Listening at "http://*:3000"
[Thu Jul  2 10:11:45 2015] [debug] POST "/timeclock"
[Thu Jul  2 10:11:45 2015] [debug] Routing to a callback
[Thu Jul  2 10:11:45 2015] [debug] 302 Found (0.089305s, 11.198/s)
[Thu Jul  2 10:11:45 2015] [debug] GET "/timeclock"
[Thu Jul  2 10:11:45 2015] [debug] Routing to a callback
[Thu Jul  2 10:11:45 2015] [debug] Rendering template "timeclock.html.ep" from DATA section
[Thu Jul  2 10:11:45 2015] [debug] 200 OK (0.013064s, 76.546/s)
[Thu Jul  2 10:12:21 2015] [debug] Reading configuration file "/home/stefan/Dropbox/Projects/time_clock/time_clock.conf"
[Thu Jul  2 10:12:21 2015] [debug] Your secret passphrase needs to be changed
[Thu Jul  2 10:12:21 2015] [info] Listening at "http://*:3000"
[Thu Jul  2 10:12:24 2015] [debug] GET "/timeclock"
[Thu Jul  2 10:12:24 2015] [debug] Routing to a callback
[Thu Jul  2 10:12:25 2015] [debug] Rendering template "timeclock.html.ep" from DATA section
[Thu Jul  2 10:12:25 2015] [debug] 200 OK (0.011716s, 85.353/s)
[Thu Jul  2 10:12:29 2015] [debug] GET "/admin"
[Thu Jul  2 10:12:29 2015] [debug] Routing to a callback
[Thu Jul  2 10:12:29 2015] [debug] Rendering template "admin.html.ep" from DATA section
[Thu Jul  2 10:12:29 2015] [debug] 200 OK (0.014186s, 70.492/s)
